2024-08-19 15:41:51.756 [info] Extension host with pid 3571 started
2024-08-19 15:41:51.756 [error] Error: EEXIST: file already exists, open '/root/.local/share/code-server/User/workspaceStorage/2f023867/vscode.lock'
2024-08-19 15:41:51.845 [info] Lock '/root/.local/share/code-server/User/workspaceStorage/2f023867/vscode.lock': Could not acquire lock, checking if the file is stale.
2024-08-19 15:41:51.850 [info] Lock '/root/.local/share/code-server/User/workspaceStorage/2f023867/vscode.lock': The lock does not look stale, elapsed: 107 ms, giving up.
2024-08-19 15:41:51.855 [info] Lock '/root/.local/share/code-server/User/workspaceStorage/2f023867-1/vscode.lock': Lock acquired.
2024-08-19 15:41:52.550 [info] ExtensionService#_doActivateExtension vscode.git-base, startup: true, activationEvent: '*', root cause: vscode.git
2024-08-19 15:41:52.651 [info] ExtensionService#_doActivateExtension ms-python.python, startup: true, activationEvent: 'workspaceContains:requirements.txt'
2024-08-19 15:41:53.444 [info] ExtensionService#_doActivateExtension vscode.git, startup: true, activationEvent: '*'
2024-08-19 15:41:53.445 [info] ExtensionService#_doActivateExtension vscode.github, startup: true, activationEvent: '*'
2024-08-19 15:41:54.030 [error] Error: spawn /root/.local/share/code-server/extensions/ms-python.python-2024.12.3-universal/python-env-tools/bin/pet ENOENT
	at ChildProcess._handle.onexit (node:internal/child_process:286:19)
	at onErrorNT (node:internal/child_process:484:16)
	at process.processTicksAndRejections (node:internal/process/task_queues:82:21)
2024-08-19 15:41:54.278 [info] Eager extensions activated
2024-08-19 15:41:54.278 [info] ExtensionService#_doActivateExtension vscode.debug-auto-launch, startup: false, activationEvent: 'onStartupFinished'
2024-08-19 15:41:54.278 [info] ExtensionService#_doActivateExtension vscode.merge-conflict, startup: false, activationEvent: 'onStartupFinished'
2024-08-19 15:42:11.949 [info] ExtensionService#_doActivateExtension vscode.extension-editing, startup: false, activationEvent: 'onLanguage:json'
2024-08-19 15:42:12.042 [info] ExtensionService#_doActivateExtension vscode.json-language-features, startup: false, activationEvent: 'onLanguage:json'
2024-08-19 15:42:12.043 [info] ExtensionService#_doActivateExtension vscode.npm, startup: false, activationEvent: 'onLanguage:json'
2024-08-19 15:42:12.044 [info] ExtensionService#_doActivateExtension vscode.emmet, startup: false, activationEvent: 'onLanguage'
2024-08-19 15:42:30.143 [info] ExtensionService#_doActivateExtension mikoz.black-py, startup: false, activationEvent: 'onLanguage:python'
2024-08-19 15:42:30.144 [info] ExtensionService#_doActivateExtension ms-python.debugpy, startup: false, activationEvent: 'onLanguage:python'
2024-08-19 15:52:15.990 [warning] [Decorations] CAPPING events from decorations provider vscode.git 3295
2024-08-19 15:52:16.457 [warning] [Decorations] CAPPING events from decorations provider vscode.git 3295
